     1                                  bits 32
     2                                  
     3                                  global _concatenare
     4                                  extern _printf
     5                                  segment data public data use32
     6                                  
     7 00000000 00                      rezultat db "",0
     8 00000001 257300                  format db "%s",0
     9                                  
    10                                  segment code public code use32
    11                                  
    12                                  
    13                                  _concatenare:
    14 00000000 55                          push ebp
    15 00000001 89E5                        mov ebp,esp
    16 00000003 8B7508                      mov esi,[ebp + 8]
    17 00000006 8B3D[00000000]              mov edi,[rezultat]
    18                                      
    19                                      punere_nr_sir1:
    20 0000000C AC                              lodsb
    21                                          
    22 0000000D 3C00                            cmp al,0
    23 0000000F 740B                            je finish1
    24                                          
    25 00000011 3C30                            cmp al,'0'
    26 00000013 72F7                            jb punere_nr_sir1
    27                                          
    28 00000015 3C39                            cmp al,'9'
    29 00000017 77F3                            ja punere_nr_sir1
    30 00000019 AA                              stosb
    31 0000001A EBF0                         jmp punere_nr_sir1
    32                                       
    33                                       finish1:
    34 0000001C 8B750C                       mov esi,[ebp+12]
    35                                       
    36                                       punere_nr_sir2:
    37 0000001F AC                              lodsb
    38                                          
    39 00000020 3C00                            cmp al,0
    40 00000022 740B                            je finish2
    41                                          
    42 00000024 3C30                            cmp al,'0'
    43 00000026 72F7                            jb punere_nr_sir2
    44                                          
    45 00000028 3C39                            cmp al,'9'
    46 0000002A 77F3                            ja punere_nr_sir2
    47 0000002C AA                              stosb
    48 0000002D EBF0                         jmp punere_nr_sir2
    49                                       
    50                                       finish2:
    51                                       
    52 0000002F 60                           pushad
    53 00000030 FF35[00000000]               push  dword [rezultat]
    54 00000036 68[01000000]                 push format
    55 0000003B E8(00000000)                 call _printf
    56 00000040 83C408                       add esp,4*2
    57 00000043 61                           popad
    58                                       
    59 00000044 89EC                         mov esp,ebp
    60 00000046 5D                           pop ebp
    61 00000047 C3                           ret
