     1                                  bits 32
     2                                  
     3                                  global _afisare_element
     4                                  extern _printf
     5                                  
     6                                  segment data public data use32
     7 00000000 256300                  format db "%c",0
     8                                  
     9                                  
    10                                  segment code public code use32
    11                                  
    12                                  
    13                                  _afisare_element:
    14                                  
    15 00000000 55                          push ebp
    16 00000001 89E5                        mov ebp,esp
    17 00000003 BB00000000                  mov ebx,0  ;contor spatii
    18                                      
    19 00000008 8B7308                      mov esi,[ebx + 8]
    20 0000000B 8B4B0C                      mov ecx,[ebx + 12]
    21                                      parcurgere:
    22                                      
    23 0000000E 39CB                            cmp ebx,ecx
    24 00000010 7408                            je creare_cuvant
    25 00000012 AC                              lodsb
    26 00000013 3C20                            cmp al,' '
    27 00000015 7501                            jne nu_incrementa
    28 00000017 43                              inc ebx
    29                                          
    30                                          nu_incrementa:
    31                                          
    32 00000018 EBF4                        jmp parcurgere
    33                                      
    34                                      
    35                                      creare_cuvant:
    36 0000001A AC                              lodsb
    37 0000001B 3C00                            cmp al,0
    38 0000001D 7417                            je finish
    39 0000001F 3C20                            cmp al,' '
    40 00000021 7413                            je finish
    41 00000023 0FB6C0                          movzx eax,al
    42 00000026 50                              push eax
    43 00000027 68[00000000]                    push format
    44 0000002C E8(00000000)                    call _printf
    45 00000031 83C408                          add esp,4*2
    46 00000034 EBE4                         jmp creare_cuvant
    47                                          
    48                                      
    49                                       finish:
    50 00000036 89EC                         mov esp,ebp
    51 00000038 5D                           pop ebp
    52 00000039 C3                           ret
    53                                  
    54                                          
    55                                          
    56                                      
